<?xml version="1.0" encoding="UTF-8"?>
<!-- Generated by org.testng.reporters.JUnitReportReporter -->
<testsuite hostname="Gokul" name="org.cts.test1.Sample" tests="18" failures="0" timestamp="5 Jan 2020 06:17:20 GMT" time="0.192" errors="0">
  <testcase name="test5" time="0.016" classname="org.cts.test1.Sample"/>
  <testcase name="test4" time="0.000" classname="org.cts.test1.Sample"/>
  <testcase name="test3" time="0.000" classname="org.cts.test1.Sample"/>
  <testcase name="test4" time="0.004" classname="org.cts.test1.Sample"/>
  <testcase name="test1" time="0.029" classname="org.cts.test1.Sample"/>
  <testcase name="test2" time="0.000" classname="org.cts.test1.Sample"/>
  <testcase name="test" time="0.019" classname="org.cts.test1.Sample"/>
  <testcase name="test1" time="0.000" classname="org.cts.test1.Sample"/>
  <testcase name="test3" time="0.020" classname="org.cts.test1.Sample"/>
  <testcase name="test" time="0.019" classname="org.cts.test1.Sample"/>
  <testcase name="test4" time="0.000" classname="org.cts.test1.Sample"/>
  <testcase name="test2" time="0.000" classname="org.cts.test1.Sample"/>
  <testcase name="test" time="0.019" classname="org.cts.test1.Sample"/>
  <testcase name="test2" time="0.048" classname="org.cts.test1.Sample"/>
  <testcase name="test3" time="0.016" classname="org.cts.test1.Sample"/>
  <testcase name="test1" time="0.000" classname="org.cts.test1.Sample"/>
  <testcase name="test5" time="0.002" classname="org.cts.test1.Sample"/>
  <testcase name="test5" time="0.000" classname="org.cts.test1.Sample"/>
</testsuite> <!-- org.cts.test1.Sample -->
