<?xml version="1.0" encoding="UTF-8"?>
<!-- Generated by org.testng.reporters.JUnitReportReporter -->
<testsuite hostname="Gokul" name="org.cts.test1.Launch1" tests="2" failures="0" timestamp="5 Jan 2020 06:56:16 GMT" time="14.953" errors="0">
  <testcase name="tc1" time="14.603" classname="org.cts.test1.Launch1"/>
  <testcase name="test" time="0.350" classname="org.cts.test1.Launch1"/>
</testsuite> <!-- org.cts.test1.Launch1 -->
